[Licensing::Module] Trying to connect to existing licensing client channel...
[Licensing::IpcConnector] Successfully connected to: "LicenseClient-Noah" at "2026-05-22T18:18:14.6282568Z"
[Licensing::Client] Code 10 while verifying Licensing Client signature (process Id: 12968, path: "C:/Program Files/Unity Hub/UnityLicensingClient_V1/Unity.Licensing.Client.exe")
[Licensing::Module] LicensingClient has failed validation; ignoring
[Licensing::Client] Handshaking with LicensingClient:
  Version:                 1.17.0+aa6cfba
  Session Id:              85c745046ee44ca4bd317c633b6c7e22
  Correlation Id:          878a43aadf82adcc095ee4349e8847b0
  External correlation Id: 3688086324404511086
  Machine Id:              liXVH1qDwQyEjPlqBzD2w/jpUSE=
[Licensing::Module] Successfully connected to LicensingClient on channel: "LicenseClient-Noah" (connect: 0.00s, validation: 0.01s, handshake: 0.03s)
[Licensing::IpcConnector] Successfully connected to: "LicenseClient-Noah-notifications" at "2026-05-22T18:18:14.6720735Z"
[Licensing::Module] Error: Access token is unavailable; failed to update
[Licensing::Client] Successfully resolved entitlement details
[Licensing::Module] Serial number assigned to: "13469821878853-UnityPersXXXX"
[Licensing::Client] Successfully updated license, isAync: True, time: 0.01
Built from '6000.1/staging' branch; Version is '6000.1.1f1 (7197418f847b) revision 7444289'; Using compiler version '194234433'; Build Type 'Release'
OS: 'Windows 11  (10.0.26200) 64bit Professional' Language: 'en' Physical Memory: 32509 MB
[Licensing::Client] Successfully resolved entitlement details
BatchMode: 1, IsHumanControllingUs: 0, StartBugReporterOnCrash: 0, Is64bit: 1, IsPro: 0
Date: 2026-05-22T18:18:14Z

COMMAND LINE ARGUMENTS:
C:\Program Files\Unity\Hub\Editor\6000.1.1f1\Editor\Unity.exe
-batchmode
-quit
-projectPath
c:\Users\Noah\Projects\legacy\Unity
-executeMethod
Legacy.Editor.WorldMemorySceneBuilder.Build
-logFile
c:\Users\Noah\Projects\legacy\Unity\WorldMemorySceneBuild.log
Successfully changed project path to: c:\Users\Noah\Projects\legacy\Unity
C:/Users/Noah/Projects/legacy/Unity
It looks like another Unity instance is running with this project open.

Multiple Unity instances cannot open the same project.

Project: C:/Users/Noah/Projects/legacy/Unity
Fatal Error! It looks like another Unity instance is running with this project open.

Multiple Unity instances cannot open the same project.

Project: C:/Users/Noah/Projects/legacy/Unity
Crash!!!
SymInit: Symbol-SearchPath: 'C:/Program Files/Unity/Hub/Editor/6000.1.1f1/Editor/Data/Mono;.;C:\Users\Noah\Projects\legacy\Unity;C:\Users\Noah\Projects\legacy\Unity\Library\BurstCache\JIT;C:\Program Files\Unity\Hub\Editor\6000.1.1f1\Editor;C:\WINDOWS;C:\WINDOWS\system32;', symOptions: 534, UserName: 'Noah'
OS-Version: 10.0.0
C:\Program Files\Unity\Hub\Editor\6000.1.1f1\Editor\Unity.exe:Unity.exe (00007FF69D640000), size: 290816 (result: 0), SymType: '-deferred-', PDB: '', fileVersion: 6000.1.1.38721
C:\WINDOWS\SYSTEM32\ntdll.dll:ntdll.dll (00007FF9F82E0000), size: 2519040 (result: 0), SymType: '-deferred-', PDB: '', fileVersion: 10.0.26100.8328
C:\WINDOWS\System32\KERNEL32.DLL:KERNEL32.DLL (00007FF9F74F0000), size: 823296 (result: 0), SymType: '-deferred-', PDB: '', fileVersion: 10.0.26100.8328
C:\WINDOWS\System32\KERNELBASE.dll:KERNELBASE.dll (00007FF9F4E70000), size: 4157440 (result: 0), SymType: '-deferred-', PDB: '', fileVersion: 10.0.26100.8457
C:\WINDOWS\System32\USER32.dll:USER32.dll (00007FF9F6060000), size: 1859584 (result: 0), SymType: '-deferred-', PDB: '', fileVersion: 10.0.26100.8457
C:\WINDOWS\System32\win32u.dll:win32u.dll (00007FF9F4D10000), size: 159744 (result: 0), SymType: '-deferred-', PDB: '', fileVersion: 10.0.26100.8457
C:\WINDOWS\System32\GDI32.dll:GDI32.dll (00007FF9F6B30000), size: 176128 (result: 0), SymType: '-deferred-', PDB: '', fileVersion: 10.0.26100.8328
C:\WINDOWS\System32\gdi32full.dll:gdi32full.dll (00007FF9F4D40000), size: 1228800 (result: 0), SymType: '-deferred-', PDB: '', fileVersion: 10.0.26100.8457
C:\WINDOWS\System32\msvcp_win.dll:msvcp_win.dll (00007FF9F5320000), size: 667648 (result: 0), SymType: '-deferred-', PDB: '', fileVersion: 10.0.26100.8328
C:\WINDOWS\System32\ucrtbase.dll:ucrtbase.dll (00007FF9F5610000), size: 1355776 (result: 0), SymType: '-deferred-', PDB: '', fileVersion: 10.0.26100.8328
C:\WINDOWS\System32\IMM32.DLL:IMM32.DLL (00007FF9F73B0000), size: 204800 (result: 0), SymType: '-deferred-', PDB: '', fileVersion: 10.0.26100.8328
C:\Program Files\Unity\Hub\Editor\6000.1.1f1\Editor\Unity.dll:Unity.dll (00007FF8E6B80000), size: 86851584 (result: 0), SymType: '-deferred-', PDB: '', fileVersion: 6000.1.1.38721
C:\WINDOWS\System32\CRYPT32.dll:CRYPT32.dll (00007FF9F5490000), size: 1540096 (result: 0), SymType: '-deferred-', PDB: '', fileVersion: 10.0.26100.8328
C:\WINDOWS\System32\ADVAPI32.dll:ADVAPI32.dll (00007FF9F81C0000), size: 745472 (result: 0), SymType: '-deferred-', PDB: '', fileVersion: 10.0.26100.8328
C:\WINDOWS\System32\msvcrt.dll:msvcrt.dll (00007FF9F6BF0000), size: 692224 (result: 0), SymType: '-deferred-', PDB: '', fileVersion: 7.0.26100.8246
C:\Program Files\Unity\Hub\Editor\6000.1.1f1\Editor\libfbxsdk.dll:libfbxsdk.dll (00007FF926A00000), size: 8019968 (result: 0), SymType: '-deferred-', PDB: '', fileVersion: 2020.3.7.0
C:\Program Files\Unity\Hub\Editor\6000.1.1f1\Editor\s3tcompress.dll:s3tcompress.dll (00007FF9D3D10000), size: 180224 (result: 0), SymType: '-deferred-', PDB: ''
C:\Program Files\Unity\Hub\Editor\6000.1.1f1\Editor\etccompress.dll:etccompress.dll (00007FF90D470000), size: 5070848 (result: 0), SymType: '-deferred-', PDB: ''
C:\WINDOWS\System32\sechost.dll:sechost.dll (00007FF9F7CD0000), size: 684032 (result: 0), SymType: '-deferred-', PDB: '', fileVersion: 10.0.26100.8328
C:\WINDOWS\System32\RPCRT4.dll:RPCRT4.dll (00007FF9F7290000), size: 1146880 (result: 0), SymType: '-deferred-', PDB: '', fileVersion: 10.0.26100.8328
C:\Program Files\Unity\Hub\Editor\6000.1.1f1\Editor\ispc_texcomp.dll:ispc_texcomp.dll (00007FF98AEF0000), size: 1826816 (result: 0), SymType: '-deferred-', PDB: ''
C:\Program Files\Unity\Hub\Editor\6000.1.1f1\Editor\compress_bc7e.dll:compress_bc7e.dll (00007FF97AB50000), size: 1433600 (result: 0), SymType: '-deferred-', PDB: ''
C:\Program Files\Unity\Hub\Editor\6000.1.1f1\Editor\FreeImage.dll:FreeImage.dll (0000000180000000), size: 5783552 (result: 0), SymType: '-deferred-', PDB: '', fileVersion: 3.18.0.0
C:\WINDOWS\System32\WS2_32.dll:WS2_32.dll (00007FF9F6B60000), size: 524288 (result: 0), SymType: '-deferred-', PDB: '', fileVersion: 10.0.26100.8328
C:\Program Files\Unity\Hub\Editor\6000.1.1f1\Editor\WinPixEventRuntime.dll:WinPixEventRuntime.dll (00007FF9F1570000), size: 53248 (result: 0), SymType: '-deferred-', PDB: '', fileVersion: 1.0.2201.24001
C:\Program Files\Unity\Hub\Editor\6000.1.1f1\Editor\umbraoptimizer64.dll:umbraoptimizer64.dll (00007FF9273E0000), size: 1187840 (result: 0), SymType: '-deferred-', PDB: ''
C:\WINDOWS\System32\ole32.dll:ole32.dll (00007FF9F6D10000), size: 1667072 (result: 0), SymType: '-deferred-', PDB: '', fileVersion: 10.0.26100.8457
C:\WINDOWS\System32\combase.dll:combase.dll (00007FF9F6EB0000), size: 3682304 (result: 0), SymType: '-deferred-', PDB: '', fileVersion: 10.0.26100.8328
C:\WINDOWS\SYSTEM32\MSVCP140.dll:MSVCP140.dll (00007FF9CF0B0000), size: 557056 (result: 0), SymType: '-deferred-', PDB: '', fileVersion: 14.50.35719.0
C:\WINDOWS\System32\SETUPAPI.dll:SETUPAPI.dll (00007FF9F7840000), size: 4747264 (result: 0), SymType: '-deferred-', PDB: '', fileVersion: 10.0.26100.8328
C:\WINDOWS\SYSTEM32\VCRUNTIME140.dll:VCRUNTIME140.dll (00007FF9D1A20000), size: 122880 (result: 0), SymType: '-deferred-', PDB: '', fileVersion: 14.50.35719.0
C:\WINDOWS\System32\SHELL32.dll:SHELL32.dll (00007FF9F6330000), size: 7790592 (result: 0), SymType: '-deferred-', PDB: '', fileVersion: 10.0.26100.8457
C:\WINDOWS\SYSTEM32\VCRUNTIME140_1.dll:VCRUNTIME140_1.dll (00007FF9CF140000), size: 45056 (result: 0), SymType: '-deferred-', PDB: '', fileVersion: 14.50.35719.0
C:\WINDOWS\System32\SHLWAPI.dll:SHLWAPI.dll (00007FF9F62C0000), size: 417792 (result: 0), SymType: '-deferred-', PDB: '', fileVersion: 10.0.26100.8457
C:\WINDOWS\WinSxS\amd64_microsoft.windows.common-controls_6595b64144ccf1df_6.0.26100.8457_none_3e0b2faee331e92d\COMCTL32.dll:COMCTL32.dll (00007FF9D83A0000), size: 2695168 (result: 0), SymType: '-deferred-', PDB: '', fileVersion: 6.10.26100.8457
C:\WINDOWS\SYSTEM32\bcrypt.dll:bcrypt.dll (00007FF9F4C00000), size: 172032 (result: 0), SymType: '-deferred-', PDB: '', fileVersion: 10.0.26100.8246
C:\WINDOWS\System32\Windows.Storage.dll:Windows.Storage.dll (00007FF9F5760000), size: 8830976 (result: 0), SymType: '-deferred-', PDB: '', fileVersion: 10.0.26100.8457
C:\WINDOWS\SYSTEM32\d3d11.dll:d3d11.dll (00007FF9F27C0000), size: 2498560 (result: 0), SymType: '-deferred-', PDB: '', fileVersion: 10.0.26100.8457
C:\WINDOWS\SYSTEM32\dwmapi.dll:dwmapi.dll (00007FF9F2670000), size: 192512 (result: 0), SymType: '-deferred-', PDB: '', fileVersion: 10.0.26100.8457
C:\WINDOWS\SYSTEM32\d3d12.dll:d3d12.dll (00007FF9C9EA0000), size: 151552 (result: 0), SymType: '-deferred-', PDB: '', fileVersion: 10.0.26100.8328
C:\WINDOWS\System32\OLEAUT32.dll:OLEAUT32.dll (00007FF9F7750000), size: 888832 (result: 0), SymType: '-deferred-', PDB: '', fileVersion: 10.0.26100.8328
C:\WINDOWS\SYSTEM32\dxgi.dll:dxgi.dll (00007FF9F2A30000), size: 1302528 (result: 0), SymType: '-deferred-', PDB: '', fileVersion: 10.0.26100.8457
C:\WINDOWS\System32\WINTRUST.dll:WINTRUST.dll (00007FF9F5FD0000), size: 532480 (result: 0), SymType: '-deferred-', PDB: '', fileVersion: 10.0.26100.8328
C:\WINDOWS\SYSTEM32\HID.DLL:HID.DLL (00007FF9F3140000), size: 61440 (result: 0), SymType: '-deferred-', PDB: '', fileVersion: 10.0.26100.1150
C:\WINDOWS\SYSTEM32\IPHLPAPI.DLL:IPHLPAPI.DLL (00007FF9F3450000), size: 204800 (result: 0), SymType: '-deferred-', PDB: '', fileVersion: 10.0.26100.8457
C:\WINDOWS\SYSTEM32\OPENGL32.dll:OPENGL32.dll (00007FF9CEF90000), size: 1110016 (result: 0), SymType: '-deferred-', PDB: '', fileVersion: 10.0.26100.8328
C:\WINDOWS\SYSTEM32\WINHTTP.dll:WINHTTP.dll (00007FF9EB8B0000), size: 1216512 (result: 0), SymType: '-deferred-', PDB: '', fileVersion: 10.0.26100.8328
C:\WINDOWS\SYSTEM32\GLU32.dll:GLU32.dll (00007FF9CDA20000), size: 184320 (result: 0), SymType: '-deferred-', PDB: '', fileVersion: 10.0.26100.1150
C:\WINDOWS\SYSTEM32\WINMM.dll:WINMM.dll (00007FF9EB870000), size: 221184 (result: 0), SymType: '-deferred-', PDB: '', fileVersion: 10.0.26100.8457
C:\Program Files\Unity\Hub\Editor\6000.1.1f1\Editor\SketchUpAPI.dll:SketchUpAPI.dll (00007FF90CBD0000), size: 8990720 (result: 0), SymType: '-deferred-', PDB: '', fileVersion: 23.0.0.0
C:\Program Files\Unity\Hub\Editor\6000.1.1f1\Editor\NativeProxyHelper.dll:NativeProxyHelper.dll (00007FF91EA20000), size: 1789952 (result: 0), SymType: '-deferred-', PDB: ''
C:\WINDOWS\SYSTEM32\VERSION.dll:VERSION.dll (00007FF9E4360000), size: 45056 (result: 0), SymType: '-deferred-', PDB: '', fileVersion: 10.0.26100.1150
C:\WINDOWS\SYSTEM32\powrprof.dll:powrprof.dll (00007FF9F4B70000), size: 385024 (result: 0), SymType: '-deferred-', PDB: '', fileVersion: 10.0.26100.3912
C:\WINDOWS\SYSTEM32\WSOCK32.dll:WSOCK32.dll (00007FF9F0120000), size: 40960 (result: 0), SymType: '-deferred-', PDB: '', fileVersion: 10.0.26100.1
C:\Program Files\Unity\Hub\Editor\6000.1.1f1\Editor\SketchUpCommonPreferences.dll:SketchUpCommonPreferences.dll (00007FF9BF5A0000), size: 499712 (result: 0), SymType: '-deferred-', PDB: '', fileVersion: 23.0.0.0
C:\WINDOWS\SYSTEM32\Secur32.dll:Secur32.dll (00007FF9F1640000), size: 53248 (result: 0), SymType: '-deferred-', PDB: '', fileVersion: 10.0.26100.7705
C:\WINDOWS\SYSTEM32\dxcore.dll:dxcore.dll (00007FF9F2600000), size: 282624 (result: 0), SymType: '-deferred-', PDB: '', fileVersion: 10.0.26100.8328
C:\WINDOWS\SYSTEM32\SSPICLI.DLL:SSPICLI.DLL (00007FF9F3D00000), size: 299008 (result: 0), SymType: '-deferred-', PDB: '', fileVersion: 10.0.26100.8328
C:\Program Files\Unity\Hub\Editor\6000.1.1f1\Editor\OpenRL.dll:OpenRL.dll (000002BB3BE10000), size: 12779520 (result: 0), SymType: '-deferred-', PDB: '', fileVersion: 1.5.0.2907
C:\WINDOWS\SYSTEM32\MSVCR100.dll:MSVCR100.dll (00000000730B0000), size: 860160 (result: 0), SymType: '-deferred-', PDB: '', fileVersion: 10.0.40219.325
C:\WINDOWS\SYSTEM32\MSVCP100.dll:MSVCP100.dll (0000000073010000), size: 622592 (result: 0), SymType: '-deferred-', PDB: '', fileVersion: 10.0.40219.325
C:\Program Files\Unity\Hub\Editor\6000.1.1f1\Editor\embree.dll:embree.dll (00007FF90BBE0000), size: 16711680 (result: 0), SymType: '-deferred-', PDB: '', fileVersion: 2.14.0.0
C:\WINDOWS\SYSTEM32\cfgmgr32.DLL:cfgmgr32.DLL (00007FF9F4880000), size: 331776 (result: 0), SymType: '-deferred-', PDB: '', fileVersion: 10.0.26100.8115
C:\Program Files\Unity\Hub\Editor\6000.1.1f1\Editor\tbb.dll:tbb.dll (00007FF9BECA0000), size: 303104 (result: 0), SymType: '-deferred-', PDB: '', fileVersion: 2020.3.2022.1111
C:\WINDOWS\SYSTEM32\MSWSOCK.DLL:MSWSOCK.DLL (00007FF9F3FB0000), size: 442368 (result: 0), SymType: '-deferred-', PDB: '', fileVersion: 10.0.26100.8328
C:\Program Files\Unity\Hub\Editor\6000.1.1f1\Editor\OpenRL_pthread.dll:OpenRL_pthread.dll (000002BB3CA60000), size: 61440 (result: 0), SymType: '-deferred-', PDB: '', fileVersion: 2.9.0.0
C:\WINDOWS\SYSTEM32\UMPDC.dll:UMPDC.dll (00007FF9F4B50000), size: 81920 (result: 0), SymType: '-deferred-', PDB: '', fileVersion: 10.0.26100.8115
C:\WINDOWS\SYSTEM32\MSASN1.dll:MSASN1.dll (00007FF9F4410000), size: 77824 (result: 0), SymType: '-deferred-', PDB: '', fileVersion: 10.0.26100.8246
C:\WINDOWS\System32\bcryptprimitives.dll:bcryptprimitives.dll (00007FF9F5270000), size: 688128 (result: 0), SymType: '-deferred-', PDB: '', fileVersion: 10.0.26100.8328
C:\WINDOWS\SYSTEM32\kernel.appcore.dll:kernel.appcore.dll (00007FF9F3A60000), size: 110592 (result: 0), SymType: '-deferred-', PDB: '', fileVersion: 10.0.26100.8328
C:\WINDOWS\system32\uxtheme.dll:uxtheme.dll (00007FF9F21E0000), size: 696320 (result: 0), SymType: '-deferred-', PDB: '', fileVersion: 10.0.26100.8457
C:\WINDOWS\System32\SHCORE.dll:SHCORE.dll (00007FF9F7EE0000), size: 1007616 (result: 0), SymType: '-deferred-', PDB: '', fileVersion: 10.0.26100.8457
C:\WINDOWS\SYSTEM32\profapi.dll:profapi.dll (00007FF9F4C30000), size: 167936 (result: 0), SymType: '-deferred-', PDB: '', fileVersion: 10.0.26100.8328
C:\WINDOWS\SYSTEM32\CRYPTSP.dll:CRYPTSP.dll (00007FF9F43B0000), size: 110592 (result: 0), SymType: '-deferred-', PDB: '', fileVersion: 10.0.26100.8328
C:\WINDOWS\system32\rsaenh.dll:rsaenh.dll (00007FF9F39C0000), size: 233472 (result: 0), SymType: '-deferred-', PDB: '', fileVersion: 10.0.26100.7705
C:\WINDOWS\SYSTEM32\CRYPTBASE.dll:CRYPTBASE.dll (00007FF9F4210000), size: 49152 (result: 0), SymType: '-deferred-', PDB: '', fileVersion: 10.0.26100.8246
C:\WINDOWS\System32\imagehlp.dll:imagehlp.dll (00007FF9F7720000), size: 131072 (result: 0), SymType: '-deferred-', PDB: '', fileVersion: 10.0.26100.4202
C:\WINDOWS\SYSTEM32\gpapi.dll:gpapi.dll (00007FF9F4020000), size: 192512 (result: 0), SymType: '-deferred-', PDB: '', fileVersion: 10.0.26100.8328
C:\Windows\System32\cryptnet.dll:cryptnet.dll (00007FF9E4320000), size: 241664 (result: 0), SymType: '-deferred-', PDB: '', fileVersion: 10.0.26100.8328
C:\WINDOWS\SYSTEM32\WINNSI.DLL:WINNSI.DLL (00007FF9F2120000), size: 57344 (result: 0), SymType: '-deferred-', PDB: '', fileVersion: 10.0.26100.8246
C:\WINDOWS\System32\NSI.dll:NSI.dll (00007FF9F6D00000), size: 40960 (result: 0), SymType: '-deferred-', PDB: '', fileVersion: 10.0.26100.8246
C:\WINDOWS\system32\IconCodecService.dll:IconCodecService.dll (00007FF9B73C0000), size: 45056 (result: 0), SymType: '-deferred-', PDB: '', fileVersion: 10.0.26100.1
C:\WINDOWS\SYSTEM32\WindowsCodecs.dll:WindowsCodecs.dll (00007FF9F0530000), size: 2281472 (result: 0), SymType: '-deferred-', PDB: '', fileVersion: 10.0.26100.8328
C:\WINDOWS\System32\clbcatq.dll:clbcatq.dll (00007FF9F7DA0000), size: 712704 (result: 0), SymType: '-deferred-', PDB: '', fileVersion: 2001.12.10941.16384
C:\WINDOWS\System32\netprofm.dll:netprofm.dll (00007FF9EE4C0000), size: 450560 (result: 0), SymType: '-deferred-', PDB: '', fileVersion: 10.0.26100.8328
C:\WINDOWS\System32\npmproxy.dll:npmproxy.dll (00007FF9EAFC0000), size: 102400 (result: 0), SymType: '-deferred-', PDB: '', fileVersion: 10.0.26100.8328
C:\WINDOWS\SYSTEM32\dbghelp.dll:dbghelp.dll (00007FF9F23B0000), size: 2367488 (result: 0), SymType: '-deferred-', PDB: '', fileVersion: 10.0.26100.8328

========== OUTPUTTING STACK TRACE ==================

0x00007FF9F4F2FE0A (KERNELBASE) RaiseException
0x00007FF8E8744A49 (Unity) EditorMonoConsole::LogToConsoleImplementation
0x00007FF8E8745730 (Unity) EditorMonoConsole::LogToConsoleImplementation
0x00007FF8E93C10ED (Unity) DebugStringToFilePostprocessedStacktrace
0x00007FF8E93C0469 (Unity) DebugStringToFile
0x00007FF8E8842B35 (Unity) HandleProjectAlreadyOpenInAnotherInstance
0x00007FF8E8844A32 (Unity) Application::InitializeProject
0x00007FF8E8E2C013 (Unity) UnityMain
0x00007FF69D642F2A (Unity) __scrt_common_main_seh
0x00007FF9F751E957 (KERNEL32) BaseThreadInitThunk
0x00007FF9F82E427C (ntdll) RtlUserThreadStart

========== END OF STACKTRACE ===========

A crash has been intercepted by the crash handler. For call stack and other details, see the latest crash report generated in:
 * C:/Users/Noah/AppData/Local/Temp/Unity/Editor/Crashes
